 initial guess
   0.81000E-10 -0.10000E-01   2000.0    
   400.00     0.23807E+14 0.54417E-12  100.00    
   450.00     0.24279E+14 0.94732E-12  100.00    
   500.00     0.24709E+14 0.14759E-11  100.00    
   550.00     0.25105E+14 0.21211E-11  100.00    
   600.00     0.25471E+14 0.28694E-11  100.00    
   650.00     0.25813E+14 0.37052E-11  100.00    
   700.00     0.26134E+14 0.46125E-11  100.00    
   750.00     0.26436E+14 0.55765E-11  100.00    
   800.00     0.26722E+14 0.65835E-11  100.00    
   850.00     0.26994E+14 0.76219E-11  100.00    
   900.00     0.27252E+14 0.86813E-11  100.00    
   950.00     0.27499E+14 0.97532E-11  100.00    
   1000.0     0.27735E+14 0.10830E-10  100.00    
   1050.0     0.27961E+14 0.11907E-10  100.00    
   1100.0     0.28179E+14 0.12977E-10  100.00    
   1150.0     0.28388E+14 0.14039E-10  100.00    
   1200.0     0.28590E+14 0.15087E-10  100.00    
   1250.0     0.28786E+14 0.16121E-10  100.00    
   1300.0     0.28974E+14 0.17137E-10  100.00    
   1350.0     0.29157E+14 0.18135E-10  100.00    
   1400.0     0.29335E+14 0.19114E-10  100.00    
   1450.0     0.29507E+14 0.20072E-10  100.00    
   1500.0     0.29674E+14 0.21009E-10  100.00    
   1550.0     0.29836E+14 0.21925E-10  100.00    
   1600.0     0.29995E+14 0.22820E-10  100.00    
   1650.0     0.30149E+14 0.23694E-10  100.00    
   1700.0     0.30299E+14 0.24546E-10  100.00    
   1750.0     0.30446E+14 0.25378E-10  100.00    
   1800.0     0.30589E+14 0.26189E-10  100.00    
   1850.0     0.30729E+14 0.26980E-10  100.00    
   1900.0     0.30866E+14 0.27752E-10  100.00    
   1950.0     0.31000E+14 0.28503E-10  100.00    
   2000.0     0.31131E+14 0.29236E-10  100.00    
   2050.0     0.31260E+14 0.29951E-10  100.00    
   2100.0     0.31385E+14 0.30647E-10  100.00    
   2150.0     0.31509E+14 0.31326E-10  100.00    
   2200.0     0.31630E+14 0.31988E-10  100.00    
   2250.0     0.31748E+14 0.32634E-10  100.00    
   2300.0     0.31865E+14 0.33263E-10  100.00    
   2350.0     0.31979E+14 0.33877E-10  100.00    
   2400.0     0.32092E+14 0.34476E-10  100.00    
   2450.0     0.32202E+14 0.35060E-10  100.00    
   2500.0     0.32311E+14 0.35630E-10  100.00    
 results for iteration           1
 chi   1.2476    lamda  0.10000E-03
 params
    116.99       3.2836      -3016.0    
   0.70452E+26   3.2836      -5992.8    
   400.00     0.23807E+14 0.77060E+14  223.68    
   450.00     0.24279E+14 0.49085E+14  102.17    
   500.00     0.24709E+14 0.35492E+14  43.638    
   550.00     0.25105E+14 0.28047E+14  11.720    
   600.00     0.25471E+14 0.23633E+14  7.2170    
   650.00     0.25813E+14 0.20880E+14  19.110    
   700.00     0.26134E+14 0.19120E+14  26.841    
   750.00     0.26436E+14 0.17994E+14  31.935    
   800.00     0.26722E+14 0.17298E+14  35.266    
   850.00     0.26994E+14 0.16910E+14  37.357    
   900.00     0.27252E+14 0.16751E+14  38.533    
   950.00     0.27499E+14 0.16771E+14  39.014    
   1000.0     0.27735E+14 0.16934E+14  38.944    
   1050.0     0.27961E+14 0.17217E+14  38.425    
   1100.0     0.28179E+14 0.17603E+14  37.530    
   1150.0     0.28388E+14 0.18081E+14  36.309    
   1200.0     0.28590E+14 0.18640E+14  34.802    
   1250.0     0.28786E+14 0.19275E+14  33.039    
   1300.0     0.28974E+14 0.19982E+14  31.036    
   1350.0     0.29157E+14 0.20756E+14  28.815    
   1400.0     0.29335E+14 0.21595E+14  26.386    
   1450.0     0.29507E+14 0.22497E+14  23.757    
   1500.0     0.29674E+14 0.23462E+14  20.935    
   1550.0     0.29836E+14 0.24488E+14  17.925    
   1600.0     0.29995E+14 0.25575E+14  14.735    
   1650.0     0.30149E+14 0.26723E+14  11.362    
   1700.0     0.30299E+14 0.27933E+14  7.8093    
   1750.0     0.30446E+14 0.29204E+14  4.0800    
   1800.0     0.30589E+14 0.30537E+14 0.17116    
   1850.0     0.30729E+14 0.31932E+14  3.9149    
   1900.0     0.30866E+14 0.33391E+14  8.1793    
   1950.0     0.31000E+14 0.34913E+14  12.623    
   2000.0     0.31131E+14 0.36501E+14  17.249    
   2050.0     0.31260E+14 0.38154E+14  22.054    
   2100.0     0.31385E+14 0.39874E+14  27.049    
   2150.0     0.31509E+14 0.41662E+14  32.223    
   2200.0     0.31630E+14 0.43519E+14  37.588    
   2250.0     0.31748E+14 0.45446E+14  43.147    
   2300.0     0.31865E+14 0.47444E+14  48.892    
   2350.0     0.31979E+14 0.49515E+14  54.836    
   2400.0     0.32092E+14 0.51659E+14  60.973    
   2450.0     0.32202E+14 0.53878E+14  67.314    
   2500.0     0.32311E+14 0.56174E+14  73.853    
 results for iteration           2
 chi  0.22593    lamda  0.10000E-04
 params
   0.19818E+09   1.5024      -1266.8    
   0.11935E+33   1.5024      -2517.1    
   400.00     0.23807E+14 0.38183E+14  60.387    
   450.00     0.24279E+14 0.32056E+14  32.031    
   500.00     0.24709E+14 0.28340E+14  14.694    
   550.00     0.25105E+14 0.25975E+14  3.4655    
   600.00     0.25471E+14 0.24433E+14  4.0761    
   650.00     0.25813E+14 0.23424E+14  9.2538    
   700.00     0.26134E+14 0.22781E+14  12.832    
   750.00     0.26436E+14 0.22397E+14  15.279    
   800.00     0.26722E+14 0.22205E+14  16.904    
   850.00     0.26994E+14 0.22159E+14  17.910    
   900.00     0.27252E+14 0.22228E+14  18.437    
   950.00     0.27499E+14 0.22387E+14  18.589    
   1000.0     0.27735E+14 0.22621E+14  18.439    
   1050.0     0.27961E+14 0.22917E+14  18.041    
   1100.0     0.28179E+14 0.23264E+14  17.442    
   1150.0     0.28388E+14 0.23656E+14  16.668    
   1200.0     0.28590E+14 0.24087E+14  15.750    
   1250.0     0.28786E+14 0.24552E+14  14.710    
   1300.0     0.28974E+14 0.25046E+14  13.556    
   1350.0     0.29157E+14 0.25568E+14  12.310    
   1400.0     0.29335E+14 0.26114E+14  10.981    
   1450.0     0.29507E+14 0.26682E+14  9.5745    
   1500.0     0.29674E+14 0.27270E+14  8.1005    
   1550.0     0.29836E+14 0.27877E+14  6.5644    
   1600.0     0.29995E+14 0.28502E+14  4.9771    
   1650.0     0.30149E+14 0.29143E+14  3.3364    
   1700.0     0.30299E+14 0.29799E+14  1.6488    
   1750.0     0.30446E+14 0.30470E+14 0.79619E-01
   1800.0     0.30589E+14 0.31155E+14  1.8496    
   1850.0     0.30729E+14 0.31852E+14  3.6557    
   1900.0     0.30866E+14 0.32562E+14  5.4961    
   1950.0     0.31000E+14 0.33284E+14  7.3691    
   2000.0     0.31131E+14 0.34018E+14  9.2734    
   2050.0     0.31260E+14 0.34762E+14  11.204    
   2100.0     0.31385E+14 0.35518E+14  13.167    
   2150.0     0.31509E+14 0.36283E+14  15.152    
   2200.0     0.31630E+14 0.37059E+14  17.163    
   2250.0     0.31748E+14 0.37844E+14  19.201    
   2300.0     0.31865E+14 0.38639E+14  21.257    
   2350.0     0.31979E+14 0.39443E+14  23.339    
   2400.0     0.32092E+14 0.40255E+14  25.438    
   2450.0     0.32202E+14 0.41077E+14  27.561    
   2500.0     0.32311E+14 0.41908E+14  29.700    
 results for iteration           3
 chi  0.10928E-02lamda  0.10000E-05
 params
   0.41674E+13  0.25958      -88.115    
   0.25097E+37  0.25958      -175.08    
   400.00     0.23807E+14 0.24602E+14  3.3400    
   450.00     0.24279E+14 0.24753E+14  1.9507    
   500.00     0.24709E+14 0.24946E+14 0.95776    
   550.00     0.25105E+14 0.25164E+14 0.23549    
   600.00     0.25471E+14 0.25398E+14 0.28818    
   650.00     0.25813E+14 0.25640E+14 0.67204    
   700.00     0.26134E+14 0.25886E+14 0.95027    
   750.00     0.26436E+14 0.26133E+14  1.1454    
   800.00     0.26722E+14 0.26380E+14  1.2789    
   850.00     0.26994E+14 0.26626E+14  1.3647    
   900.00     0.27252E+14 0.26868E+14  1.4075    
   950.00     0.27499E+14 0.27108E+14  1.4214    
   1000.0     0.27735E+14 0.27344E+14  1.4085    
   1050.0     0.27961E+14 0.27577E+14  1.3736    
   1100.0     0.28179E+14 0.27806E+14  1.3248    
   1150.0     0.28388E+14 0.28031E+14  1.2590    
   1200.0     0.28590E+14 0.28252E+14  1.1835    
   1250.0     0.28786E+14 0.28469E+14  1.1017    
   1300.0     0.28974E+14 0.28682E+14  1.0068    
   1350.0     0.29157E+14 0.28892E+14 0.90872    
   1400.0     0.29335E+14 0.29098E+14 0.80732    
   1450.0     0.29507E+14 0.29301E+14 0.69890    
   1500.0     0.29674E+14 0.29500E+14 0.58655    
   1550.0     0.29836E+14 0.29696E+14 0.46996    
   1600.0     0.29995E+14 0.29888E+14 0.35546    
   1650.0     0.30149E+14 0.30078E+14 0.23604    
   1700.0     0.30299E+14 0.30264E+14 0.11470    
   1750.0     0.30446E+14 0.30448E+14 0.56039E-02
   1800.0     0.30589E+14 0.30628E+14 0.12849    
   1850.0     0.30729E+14 0.30806E+14 0.25100    
   1900.0     0.30866E+14 0.30981E+14 0.37344    
   1950.0     0.31000E+14 0.31154E+14 0.49613    
   2000.0     0.31131E+14 0.31324E+14 0.61935    
   2050.0     0.31260E+14 0.31491E+14 0.74015    
   2100.0     0.31385E+14 0.31657E+14 0.86525    
   2150.0     0.31509E+14 0.31819E+14 0.98525    
   2200.0     0.31630E+14 0.31980E+14  1.1068    
   2250.0     0.31748E+14 0.32139E+14  1.2302    
   2300.0     0.31865E+14 0.32295E+14  1.3493    
   2350.0     0.31979E+14 0.32449E+14  1.4706    
   2400.0     0.32092E+14 0.32602E+14  1.5880    
   2450.0     0.32202E+14 0.32752E+14  1.7081    
   2500.0     0.32311E+14 0.32901E+14  1.8247    
 results for iteration           4
 chi  0.60977E-07lamda  0.10000E-06
 params
   0.87214E+13  0.16737     -0.66739    
   0.52521E+37  0.16737      -1.3261    
   400.00     0.23807E+14 0.23813E+14 0.24489E-01
   450.00     0.24279E+14 0.24282E+14 0.14030E-01
   500.00     0.24709E+14 0.24711E+14 0.70045E-02
   550.00     0.25105E+14 0.25105E+14 0.95534E-04
   600.00     0.25471E+14 0.25471E+14 0.10890E-02
   650.00     0.25813E+14 0.25812E+14 0.37671E-02
   700.00     0.26134E+14 0.26132E+14 0.66721E-02
   750.00     0.26436E+14 0.26434E+14 0.72751E-02
   800.00     0.26722E+14 0.26720E+14 0.87254E-02
   850.00     0.26994E+14 0.26991E+14 0.11721E-01
   900.00     0.27252E+14 0.27249E+14 0.10672E-01
   950.00     0.27499E+14 0.27496E+14 0.11943E-01
   1000.0     0.27735E+14 0.27732E+14 0.11529E-01
   1050.0     0.27961E+14 0.27958E+14 0.96758E-02
   1100.0     0.28179E+14 0.28176E+14 0.10609E-01
   1150.0     0.28388E+14 0.28386E+14 0.82236E-02
   1200.0     0.28590E+14 0.28588E+14 0.73847E-02
   1250.0     0.28786E+14 0.28783E+14 0.96006E-02
   1300.0     0.28974E+14 0.28972E+14 0.62027E-02
   1350.0     0.29157E+14 0.29155E+14 0.60717E-02
   1400.0     0.29335E+14 0.29333E+14 0.77966E-02
   1450.0     0.29507E+14 0.29505E+14 0.67472E-02
   1500.0     0.29674E+14 0.29672E+14 0.52548E-02
   1550.0     0.29836E+14 0.29835E+14 0.23458E-02
   1600.0     0.29995E+14 0.29994E+14 0.38226E-02
   1650.0     0.30149E+14 0.30148E+14 0.21774E-02
   1700.0     0.30299E+14 0.30299E+14 0.23685E-04
   1750.0     0.30446E+14 0.30446E+14 0.17666E-04
   1800.0     0.30589E+14 0.30590E+14 0.18601E-02
   1850.0     0.30729E+14 0.30730E+14 0.27886E-02
   1900.0     0.30866E+14 0.30867E+14 0.33345E-02
   1950.0     0.31000E+14 0.31001E+14 0.39816E-02
   2000.0     0.31131E+14 0.31133E+14 0.51711E-02
   2050.0     0.31260E+14 0.31261E+14 0.41072E-02
   2100.0     0.31385E+14 0.31387E+14 0.75700E-02
   2150.0     0.31509E+14 0.31511E+14 0.63379E-02
   2200.0     0.31630E+14 0.31632E+14 0.71183E-02
   2250.0     0.31748E+14 0.31751E+14 0.10195E-01
   2300.0     0.31865E+14 0.31868E+14 0.95542E-02
   2350.0     0.31979E+14 0.31983E+14 0.11758E-01
   2400.0     0.32092E+14 0.32095E+14 0.10796E-01
   2450.0     0.32202E+14 0.32206E+14 0.13148E-01
   2500.0     0.32311E+14 0.32315E+14 0.12812E-01
 results for iteration           5
 chi  0.82078E-09lamda  0.10000E-07
 params
   0.87697E+13  0.16668     -0.14230E-01
   0.52812E+37  0.16668     -0.28275E-01
   400.00     0.23807E+14 0.23807E+14 0.12995E-03
   450.00     0.24279E+14 0.24279E+14 0.29586E-03
   500.00     0.24709E+14 0.24709E+14 0.63105E-04
   550.00     0.25105E+14 0.25105E+14 0.16606E-02
   600.00     0.25471E+14 0.25471E+14 0.10584E-02
   650.00     0.25813E+14 0.25813E+14 0.12412E-02
   700.00     0.26134E+14 0.26134E+14 0.40953E-03
   750.00     0.26436E+14 0.26436E+14 0.12752E-02
   800.00     0.26722E+14 0.26722E+14 0.82271E-03
   850.00     0.26994E+14 0.26994E+14 0.15463E-02
   900.00     0.27252E+14 0.27252E+14 0.16472E-03
   950.00     0.27499E+14 0.27499E+14 0.13401E-02
   1000.0     0.27735E+14 0.27735E+14 0.10209E-02
   1050.0     0.27961E+14 0.27961E+14 0.58231E-03
   1100.0     0.28179E+14 0.28179E+14 0.72760E-03
   1150.0     0.28388E+14 0.28388E+14 0.11783E-02
   1200.0     0.28590E+14 0.28590E+14 0.14525E-02
   1250.0     0.28786E+14 0.28786E+14 0.13980E-02
   1300.0     0.28974E+14 0.28974E+14 0.13087E-02
   1350.0     0.29157E+14 0.29157E+14 0.70117E-03
   1400.0     0.29335E+14 0.29334E+14 0.18006E-02
   1450.0     0.29507E+14 0.29507E+14 0.15593E-02
   1500.0     0.29674E+14 0.29674E+14 0.90024E-03
   1550.0     0.29836E+14 0.29836E+14 0.11551E-02
   1600.0     0.29995E+14 0.29995E+14 0.11915E-02
   1650.0     0.30149E+14 0.30149E+14 0.42861E-03
   1700.0     0.30299E+14 0.30299E+14 0.83333E-03
   1750.0     0.30446E+14 0.30446E+14 0.24058E-04
   1800.0     0.30589E+14 0.30589E+14 0.91492E-03
   1850.0     0.30729E+14 0.30729E+14 0.93697E-03
   1900.0     0.30866E+14 0.30866E+14 0.57520E-03
   1950.0     0.31000E+14 0.31000E+14 0.31472E-03
   2000.0     0.31131E+14 0.31131E+14 0.59789E-03
   2050.0     0.31260E+14 0.31260E+14 0.13702E-02
   2100.0     0.31385E+14 0.31385E+14 0.11914E-02
   2150.0     0.31509E+14 0.31509E+14 0.93798E-03
   2200.0     0.31630E+14 0.31630E+14 0.10506E-02
   2250.0     0.31748E+14 0.31748E+14 0.11383E-02
   2300.0     0.31865E+14 0.31865E+14 0.38557E-03
   2350.0     0.31979E+14 0.31979E+14 0.94113E-03
   2400.0     0.32092E+14 0.32092E+14 0.89192E-03
   2450.0     0.32202E+14 0.32202E+14 0.59530E-03
   2500.0     0.32311E+14 0.32311E+14 0.59872E-03
 results for iteration           6
 chi  0.82074E-09lamda  0.10000E-08
 params
   0.87697E+13  0.16668     -0.13742E-01
   0.52812E+37  0.16668     -0.27305E-01
   400.00     0.23807E+14 0.23807E+14 0.11174E-03
   450.00     0.24279E+14 0.24279E+14 0.30657E-03
   500.00     0.24709E+14 0.24709E+14 0.68387E-04
   550.00     0.25105E+14 0.25105E+14 0.16619E-02
   600.00     0.25471E+14 0.25471E+14 0.10600E-02
   650.00     0.25813E+14 0.25813E+14 0.12449E-02
   700.00     0.26134E+14 0.26134E+14 0.41482E-03
   750.00     0.26436E+14 0.26436E+14 0.12816E-02
   800.00     0.26722E+14 0.26722E+14 0.82985E-03
   850.00     0.26994E+14 0.26994E+14 0.15387E-02
   900.00     0.27252E+14 0.27252E+14 0.15687E-03
   950.00     0.27499E+14 0.27499E+14 0.13321E-02
   1000.0     0.27735E+14 0.27735E+14 0.10130E-02
   1050.0     0.27961E+14 0.27961E+14 0.58997E-03
   1100.0     0.28179E+14 0.28179E+14 0.72022E-03
   1150.0     0.28388E+14 0.28388E+14 0.11853E-02
   1200.0     0.28590E+14 0.28590E+14 0.14591E-02
   1250.0     0.28786E+14 0.28786E+14 0.13918E-02
   1300.0     0.28974E+14 0.28974E+14 0.13143E-02
   1350.0     0.29157E+14 0.29157E+14 0.70623E-03
   1400.0     0.29335E+14 0.29334E+14 0.17962E-02
   1450.0     0.29507E+14 0.29507E+14 0.15555E-02
   1500.0     0.29674E+14 0.29674E+14 0.89698E-03
   1550.0     0.29836E+14 0.29836E+14 0.11577E-02
   1600.0     0.29995E+14 0.29995E+14 0.11896E-02
   1650.0     0.30149E+14 0.30149E+14 0.42730E-03
   1700.0     0.30299E+14 0.30299E+14 0.83397E-03
   1750.0     0.30446E+14 0.30446E+14 0.24089E-04
   1800.0     0.30589E+14 0.30589E+14 0.91421E-03
   1850.0     0.30729E+14 0.30729E+14 0.93559E-03
   1900.0     0.30866E+14 0.30866E+14 0.57314E-03
   1950.0     0.31000E+14 0.31000E+14 0.31198E-03
   2000.0     0.31131E+14 0.31131E+14 0.59447E-03
   2050.0     0.31260E+14 0.31260E+14 0.13743E-02
   2100.0     0.31385E+14 0.31385E+14 0.11866E-02
   2150.0     0.31509E+14 0.31509E+14 0.94342E-03
   2200.0     0.31630E+14 0.31630E+14 0.10567E-02
   2250.0     0.31748E+14 0.31748E+14 0.11316E-02
   2300.0     0.31865E+14 0.31865E+14 0.39300E-03
   2350.0     0.31979E+14 0.31979E+14 0.93305E-03
   2400.0     0.32092E+14 0.32092E+14 0.90065E-03
   2450.0     0.32202E+14 0.32202E+14 0.58592E-03
   2500.0     0.32311E+14 0.32311E+14 0.60874E-03
 
 results from sum of two modified arrhenius
 chi  0.63294E-06lamda  0.10000E-05
 params
  0.18712E+14 0.18022E-01  133.45     0.33450E+12 0.44380     -248.32    
  0.11265E+38 0.18022E-01  265.16     0.20137E+36 0.44380     -493.40    
   400.00     0.23807E+14 0.23820E+14 0.56533E-01
   450.00     0.24279E+14 0.24270E+14 0.36784E-01
   500.00     0.24709E+14 0.24695E+14 0.58340E-01
   550.00     0.25105E+14 0.25092E+14 0.52670E-01
   600.00     0.25471E+14 0.25463E+14 0.32700E-01
   650.00     0.25813E+14 0.25809E+14 0.13891E-01
   700.00     0.26134E+14 0.26134E+14 0.15943E-02
   750.00     0.26436E+14 0.26440E+14 0.15142E-01
   800.00     0.26722E+14 0.26728E+14 0.23529E-01
   850.00     0.26994E+14 0.27001E+14 0.26453E-01
   900.00     0.27252E+14 0.27260E+14 0.30085E-01
   950.00     0.27499E+14 0.27507E+14 0.28668E-01
   1000.0     0.27735E+14 0.27742E+14 0.26790E-01
   1050.0     0.27961E+14 0.27968E+14 0.24723E-01
   1100.0     0.28179E+14 0.28184E+14 0.18691E-01
   1150.0     0.28388E+14 0.28392E+14 0.15186E-01
   1200.0     0.28590E+14 0.28593E+14 0.96604E-02
   1250.0     0.28786E+14 0.28786E+14 0.87421E-03
   1300.0     0.28974E+14 0.28973E+14 0.22839E-02
   1350.0     0.29157E+14 0.29155E+14 0.85171E-02
   1400.0     0.29335E+14 0.29330E+14 0.16269E-01
   1450.0     0.29507E+14 0.29501E+14 0.20794E-01
   1500.0     0.29674E+14 0.29667E+14 0.24331E-01
   1550.0     0.29836E+14 0.29828E+14 0.25836E-01
   1600.0     0.29995E+14 0.29986E+14 0.31054E-01
   1650.0     0.30149E+14 0.30139E+14 0.32437E-01
   1700.0     0.30299E+14 0.30289E+14 0.32569E-01
   1750.0     0.30446E+14 0.30436E+14 0.34049E-01
   1800.0     0.30589E+14 0.30579E+14 0.32953E-01
   1850.0     0.30729E+14 0.30719E+14 0.31987E-01
   1900.0     0.30866E+14 0.30857E+14 0.30620E-01
   1950.0     0.31000E+14 0.30991E+14 0.28372E-01
   2000.0     0.31131E+14 0.31123E+14 0.24807E-01
   2050.0     0.31260E+14 0.31253E+14 0.22730E-01
   2100.0     0.31385E+14 0.31380E+14 0.15375E-01
   2150.0     0.31509E+14 0.31505E+14 0.11974E-01
   2200.0     0.31630E+14 0.31628E+14 0.58360E-02
   2250.0     0.31748E+14 0.31749E+14 0.33076E-02
   2300.0     0.31865E+14 0.31868E+14 0.94255E-02
   2350.0     0.31979E+14 0.31985E+14 0.19064E-01
   2400.0     0.32092E+14 0.32100E+14 0.26194E-01
   2450.0     0.32202E+14 0.32214E+14 0.37280E-01
   2500.0     0.32311E+14 0.32326E+14 0.46299E-01
